<?xml version="1.0" encoding="UTF-8"?>
<!-- Generated by org.testng.reporters.JUnitXMLReporter -->
<testsuite hostname="CIBI-PC" ignored="0" name="Soup" tests="2" failures="1" timestamp="01 Aug 2022 17:13:42 GMT" time="15.974" errors="0">
  <testcase name="google" time="10.35" classname="com.sam.Sample"/>
  <testcase name="google" time="15.805" classname="com.sam.Sample">
    <failure type="java.lang.NullPointerException">
      <![CDATA[java.lang.NullPointerException
at com.sam.Listener.onTestSuccess(Listener.java:42)
... Removed 22 stack frames]]>
    </failure>
  </testcase> <!-- google -->
</testsuite> <!-- Soup -->
