<?xml version="1.0" encoding="UTF-8"?>
<!-- Generated by org.testng.reporters.JUnitXMLReporter -->
<testsuite hostname="CIBI-PC" ignored="0" name="Test" tests="4" failures="1" timestamp="01 Aug 2022 02:57:37 GMT" time="0.351" errors="0">
  <testcase name="noteBook1" time="0.095" classname="com.sam.Sample"/>
  <testcase name="noteBook2" time="0.012" classname="com.sam.Sample">
    <failure type="java.lang.AssertionError" message="expected [false] but found [true]">
      <![CDATA[java.lang.AssertionError: expected [false] but found [true]
at com.sam.Sample.noteBook2(Sample.java:33)
... Removed 31 stack frames]]>
    </failure>
  </testcase> <!-- noteBook2 -->
  <testcase name="noteBook3" time="0.01" classname="com.sam.Sample"/>
  <testcase name="noteBook4" time="0.004" classname="com.sam.Sample"/>
</testsuite> <!-- Test -->
