<?xml version="1.0" encoding="UTF-8"?>
<testng-results skipped="0" failed="0" ignored="0" total="3" passed="3">
  <reporter-output>
  </reporter-output>
  <suite name="Suite" duration-ms="25838" started-at="2022-08-02T01:28:03Z" finished-at="2022-08-02T01:28:28Z">
    <groups>
    </groups>
    <test name="Soup" duration-ms="25838" started-at="2022-08-02T01:28:03Z" finished-at="2022-08-02T01:28:28Z">
      <class name="com.sam.Sample">
        <test-method status="PASS" signature="be()[pri:0, instance:com.sam.Sample@1a1da881]" name="be" is-config="true" duration-ms="5146" started-at="2022-08-02T01:28:03Z" finished-at="2022-08-02T01:28:08Z">
          <reporter-output>
          </reporter-output>
        </test-method> <!-- be -->
        <test-method status="PASS" signature="bfr()[pri:0, instance:com.sam.Sample@1a1da881]" name="bfr" is-config="true" duration-ms="6504" started-at="2022-08-02T01:28:08Z" finished-at="2022-08-02T01:28:15Z">
          <reporter-output>
          </reporter-output>
        </test-method> <!-- bfr -->
        <test-method status="PASS" signature="bfr()[pri:0, instance:com.sam.Sample@1a1da881]" name="bfr" is-config="true" duration-ms="7328" started-at="2022-08-02T01:28:08Z" finished-at="2022-08-02T01:28:15Z">
          <reporter-output>
          </reporter-output>
        </test-method> <!-- bfr -->
        <test-method status="PASS" signature="bfr()[pri:0, instance:com.sam.Sample@1a1da881]" name="bfr" is-config="true" duration-ms="6663" started-at="2022-08-02T01:28:08Z" finished-at="2022-08-02T01:28:15Z">
          <reporter-output>
          </reporter-output>
        </test-method> <!-- bfr -->
        <test-method status="PASS" signature="amazon()[pri:0, instance:com.sam.Sample@1a1da881]" name="amazon" duration-ms="10042" started-at="2022-08-02T01:28:15Z" description="Amaaaaaaa" finished-at="2022-08-02T01:28:25Z">
          <reporter-output>
          </reporter-output>
        </test-method> <!-- amazon -->
        <test-method status="PASS" signature="google()[pri:0, instance:com.sam.Sample@1a1da881]" name="google" duration-ms="13304" started-at="2022-08-02T01:28:15Z" description="Goooooooooo" finished-at="2022-08-02T01:28:28Z">
          <reporter-output>
          </reporter-output>
        </test-method> <!-- google -->
        <test-method status="PASS" signature="flip()[pri:0, instance:com.sam.Sample@1a1da881]" name="flip" duration-ms="6388" started-at="2022-08-02T01:28:15Z" description="flippppppppp" finished-at="2022-08-02T01:28:22Z">
          <reporter-output>
          </reporter-output>
        </test-method> <!-- flip -->
        <test-method status="PASS" signature="afr()[pri:0, instance:com.sam.Sample@1a1da881]" name="afr" is-config="true" duration-ms="1109" started-at="2022-08-02T01:28:23Z" finished-at="2022-08-02T01:28:24Z">
          <reporter-output>
          </reporter-output>
        </test-method> <!-- afr -->
        <test-method status="PASS" signature="afr()[pri:0, instance:com.sam.Sample@1a1da881]" name="afr" is-config="true" duration-ms="1" started-at="2022-08-02T01:28:25Z" finished-at="2022-08-02T01:28:25Z">
          <reporter-output>
          </reporter-output>
        </test-method> <!-- afr -->
        <test-method status="PASS" signature="afr()[pri:0, instance:com.sam.Sample@1a1da881]" name="afr" is-config="true" duration-ms="0" started-at="2022-08-02T01:28:28Z" finished-at="2022-08-02T01:28:28Z">
          <reporter-output>
          </reporter-output>
        </test-method> <!-- afr -->
      </class> <!-- com.sam.Sample -->
    </test> <!-- Soup -->
  </suite> <!-- Suite -->
</testng-results>
