<?xml version="1.0" encoding="UTF-8"?>
<testng-results skipped="0" failed="0" ignored="0" total="3" passed="3">
  <reporter-output>
  </reporter-output>
  <suite name="Default suite" duration-ms="38241" started-at="2022-08-02T00:18:20Z" finished-at="2022-08-02T00:18:58Z">
    <groups>
    </groups>
    <test name="Default test" duration-ms="38241" started-at="2022-08-02T00:18:20Z" finished-at="2022-08-02T00:18:58Z">
      <class name="com.sam.Sample">
        <test-method status="PASS" signature="be()[pri:0, instance:com.sam.Sample@299266e2]" name="be" is-config="true" duration-ms="58" started-at="2022-08-02T00:18:20Z" finished-at="2022-08-02T00:18:20Z">
          <reporter-output>
          </reporter-output>
        </test-method> <!-- be -->
        <test-method status="PASS" signature="bfr()[pri:0, instance:com.sam.Sample@299266e2]" name="bfr" is-config="true" duration-ms="11516" started-at="2022-08-02T00:18:20Z" finished-at="2022-08-02T00:18:32Z">
          <reporter-output>
          </reporter-output>
        </test-method> <!-- bfr -->
        <test-method status="PASS" signature="amazon()[pri:0, instance:com.sam.Sample@299266e2]" name="amazon" duration-ms="7336" started-at="2022-08-02T00:18:32Z" description="Amaaaaaaa" finished-at="2022-08-02T00:18:40Z">
          <reporter-output>
          </reporter-output>
        </test-method> <!-- amazon -->
        <test-method status="PASS" signature="afr()[pri:0, instance:com.sam.Sample@299266e2]" name="afr" is-config="true" duration-ms="936" started-at="2022-08-02T00:18:40Z" finished-at="2022-08-02T00:18:41Z">
          <reporter-output>
          </reporter-output>
        </test-method> <!-- afr -->
        <test-method status="PASS" signature="bfr()[pri:0, instance:com.sam.Sample@299266e2]" name="bfr" is-config="true" duration-ms="2411" started-at="2022-08-02T00:18:41Z" finished-at="2022-08-02T00:18:43Z">
          <reporter-output>
          </reporter-output>
        </test-method> <!-- bfr -->
        <test-method status="PASS" signature="flip()[pri:0, instance:com.sam.Sample@299266e2]" name="flip" duration-ms="6585" started-at="2022-08-02T00:18:43Z" description="flippppppppp" finished-at="2022-08-02T00:18:50Z">
          <reporter-output>
          </reporter-output>
        </test-method> <!-- flip -->
        <test-method status="PASS" signature="afr()[pri:0, instance:com.sam.Sample@299266e2]" name="afr" is-config="true" duration-ms="959" started-at="2022-08-02T00:18:50Z" finished-at="2022-08-02T00:18:51Z">
          <reporter-output>
          </reporter-output>
        </test-method> <!-- afr -->
        <test-method status="PASS" signature="bfr()[pri:0, instance:com.sam.Sample@299266e2]" name="bfr" is-config="true" duration-ms="2487" started-at="2022-08-02T00:18:51Z" finished-at="2022-08-02T00:18:53Z">
          <reporter-output>
          </reporter-output>
        </test-method> <!-- bfr -->
        <test-method status="PASS" signature="google()[pri:0, instance:com.sam.Sample@299266e2]" name="google" duration-ms="4394" started-at="2022-08-02T00:18:53Z" description="Goooooooooo" finished-at="2022-08-02T00:18:57Z">
          <reporter-output>
          </reporter-output>
        </test-method> <!-- google -->
        <test-method status="PASS" signature="afr()[pri:0, instance:com.sam.Sample@299266e2]" name="afr" is-config="true" duration-ms="875" started-at="2022-08-02T00:18:57Z" finished-at="2022-08-02T00:18:58Z">
          <reporter-output>
          </reporter-output>
        </test-method> <!-- afr -->
      </class> <!-- com.sam.Sample -->
    </test> <!-- Default test -->
  </suite> <!-- Default suite -->
</testng-results>
